mode: set
github.com/dot-inc/ocsp-responder/ocsp/helpers.go:14.66,16.18 2 1
github.com/dot-inc/ocsp-responder/ocsp/helpers.go:16.18,18.3 1 1
github.com/dot-inc/ocsp-responder/ocsp/helpers.go:20.2,20.33 1 1
github.com/dot-inc/ocsp-responder/ocsp/helpers.go:20.33,22.3 1 1
github.com/dot-inc/ocsp-responder/ocsp/helpers.go:24.2,24.43 1 1
github.com/dot-inc/ocsp-responder/ocsp/helpers.go:28.61,30.18 2 1
github.com/dot-inc/ocsp-responder/ocsp/helpers.go:30.18,32.3 1 1
github.com/dot-inc/ocsp-responder/ocsp/helpers.go:34.2,34.20 1 1
github.com/dot-inc/ocsp-responder/ocsp/helpers.go:35.25,37.17 2 1
github.com/dot-inc/ocsp-responder/ocsp/helpers.go:37.17,39.4 1 1
github.com/dot-inc/ocsp-responder/ocsp/helpers.go:40.3,40.18 1 1
github.com/dot-inc/ocsp-responder/ocsp/helpers.go:42.24,44.17 2 1
github.com/dot-inc/ocsp-responder/ocsp/helpers.go:44.17,46.4 1 1
github.com/dot-inc/ocsp-responder/ocsp/helpers.go:47.3,47.18 1 1
github.com/dot-inc/ocsp-responder/ocsp/helpers.go:49.21,51.17 2 1
github.com/dot-inc/ocsp-responder/ocsp/helpers.go:51.17,53.4 1 1
github.com/dot-inc/ocsp-responder/ocsp/helpers.go:54.3,54.26 1 1
github.com/dot-inc/ocsp-responder/ocsp/helpers.go:55.24,56.17 1 1
github.com/dot-inc/ocsp-responder/ocsp/helpers.go:57.26,58.17 1 1
github.com/dot-inc/ocsp-responder/ocsp/helpers.go:59.27,60.17 1 1
github.com/dot-inc/ocsp-responder/ocsp/helpers.go:61.11,62.58 1 0
github.com/dot-inc/ocsp-responder/ocsp/helpers.go:65.10,66.70 1 1
github.com/dot-inc/ocsp-responder/ocsp/responder.go:43.47,46.33 3 1
github.com/dot-inc/ocsp-responder/ocsp/responder.go:46.33,48.3 1 1
github.com/dot-inc/ocsp-responder/ocsp/responder.go:50.2,50.48 1 1
github.com/dot-inc/ocsp-responder/ocsp/responder.go:50.48,51.33 1 1
github.com/dot-inc/ocsp-responder/ocsp/responder.go:51.33,55.63 2 1
github.com/dot-inc/ocsp-responder/ocsp/responder.go:55.63,57.5 1 1
github.com/dot-inc/ocsp-responder/ocsp/responder.go:59.4,59.20 1 0
github.com/dot-inc/ocsp-responder/ocsp/responder.go:62.2,62.12 1 1
github.com/dot-inc/ocsp-responder/ocsp/responder.go:89.42,93.2 1 1
github.com/dot-inc/ocsp-responder/ocsp/responder.go:96.73,100.2 3 1
github.com/dot-inc/ocsp-responder/ocsp/responder.go:103.73,108.9 4 1
github.com/dot-inc/ocsp-responder/ocsp/responder.go:108.9,111.3 1 1
github.com/dot-inc/ocsp-responder/ocsp/responder.go:112.2,112.20 1 1
github.com/dot-inc/ocsp-responder/ocsp/responder.go:122.60,127.2 1 1
github.com/dot-inc/ocsp-responder/ocsp/responder.go:130.73,134.20 3 1
github.com/dot-inc/ocsp-responder/ocsp/responder.go:135.22,136.45 1 1
github.com/dot-inc/ocsp-responder/ocsp/responder.go:137.23,138.46 1 1
github.com/dot-inc/ocsp-responder/ocsp/responder.go:139.10,141.9 2 1
github.com/dot-inc/ocsp-responder/ocsp/responder.go:144.2,144.16 1 1
github.com/dot-inc/ocsp-responder/ocsp/responder.go:144.16,148.3 3 1
github.com/dot-inc/ocsp-responder/ocsp/responder.go:150.2,151.16 2 1
github.com/dot-inc/ocsp-responder/ocsp/responder.go:151.16,153.42 2 1
github.com/dot-inc/ocsp-responder/ocsp/responder.go:153.42,155.4 1 1
github.com/dot-inc/ocsp-responder/ocsp/responder.go:155.9,157.4 1 1
github.com/dot-inc/ocsp-responder/ocsp/responder.go:158.3,158.9 1 1
github.com/dot-inc/ocsp-responder/ocsp/responder.go:161.2,164.21 2 1
github.com/dot-inc/ocsp-responder/ocsp/responder.go:164.21,166.3 1 1
github.com/dot-inc/ocsp-responder/ocsp/responder.go:166.8,168.3 1 1
github.com/dot-inc/ocsp-responder/ocsp/responder.go:170.2,171.26 2 1
github.com/dot-inc/ocsp-responder/ocsp/responder.go:174.72,183.16 4 1
github.com/dot-inc/ocsp-responder/ocsp/responder.go:183.16,185.3 1 0
github.com/dot-inc/ocsp-responder/ocsp/responder.go:188.2,188.49 1 1
github.com/dot-inc/ocsp-responder/ocsp/responder.go:191.73,192.40 1 1
github.com/dot-inc/ocsp-responder/ocsp/responder.go:192.40,194.3 1 1
github.com/dot-inc/ocsp-responder/ocsp/responder.go:196.2,196.61 1 1
github.com/dot-inc/ocsp-responder/ocsp/responder.go:205.79,208.16 2 1
github.com/dot-inc/ocsp-responder/ocsp/responder.go:208.16,210.3 1 1
github.com/dot-inc/ocsp-responder/ocsp/responder.go:213.2,217.16 3 1
github.com/dot-inc/ocsp-responder/ocsp/responder.go:217.16,219.3 1 1
github.com/dot-inc/ocsp-responder/ocsp/responder.go:222.2,232.16 3 1
github.com/dot-inc/ocsp-responder/ocsp/responder.go:232.16,234.3 1 0
github.com/dot-inc/ocsp-responder/ocsp/responder.go:236.2,239.8 1 1
github.com/dot-inc/ocsp-responder/ocsp/responder.go:244.74,251.2 1 1
github.com/dot-inc/ocsp-responder/ocsp/responder.go:253.83,258.2 3 1
github.com/dot-inc/ocsp-responder/ocsp/signer.go:50.107,52.16 2 1
github.com/dot-inc/ocsp-responder/ocsp/signer.go:52.16,54.3 1 1
github.com/dot-inc/ocsp-responder/ocsp/signer.go:56.2,57.16 2 1
github.com/dot-inc/ocsp-responder/ocsp/signer.go:57.16,59.3 1 1
github.com/dot-inc/ocsp-responder/ocsp/signer.go:61.2,62.16 2 1
github.com/dot-inc/ocsp-responder/ocsp/signer.go:62.16,64.3 1 1
github.com/dot-inc/ocsp-responder/ocsp/signer.go:66.2,67.16 2 1
github.com/dot-inc/ocsp-responder/ocsp/signer.go:67.16,69.3 1 1
github.com/dot-inc/ocsp-responder/ocsp/signer.go:71.2,72.16 2 1
github.com/dot-inc/ocsp-responder/ocsp/signer.go:72.16,74.3 1 1
github.com/dot-inc/ocsp-responder/ocsp/signer.go:76.2,77.16 2 1
github.com/dot-inc/ocsp-responder/ocsp/signer.go:77.16,79.3 1 1
github.com/dot-inc/ocsp-responder/ocsp/signer.go:81.2,81.60 1 1
github.com/dot-inc/ocsp-responder/ocsp/signer.go:85.112,92.2 1 1
github.com/dot-inc/ocsp-responder/ocsp/signer.go:95.53,97.2 1 1
github.com/dot-inc/ocsp-responder/ocsp/signer.go:100.64,101.28 1 1
github.com/dot-inc/ocsp-responder/ocsp/signer.go:101.28,103.3 1 1
github.com/dot-inc/ocsp-responder/ocsp/signer.go:106.2,106.25 1 1
github.com/dot-inc/ocsp-responder/ocsp/signer.go:106.25,108.17 2 1
github.com/dot-inc/ocsp-responder/ocsp/signer.go:108.17,110.4 1 1
github.com/dot-inc/ocsp-responder/ocsp/signer.go:113.2,117.9 4 1
github.com/dot-inc/ocsp-responder/ocsp/signer.go:117.9,119.3 1 1
github.com/dot-inc/ocsp-responder/ocsp/signer.go:122.2,123.29 2 1
github.com/dot-inc/ocsp-responder/ocsp/signer.go:123.29,125.3 1 1
github.com/dot-inc/ocsp-responder/ocsp/signer.go:127.2,136.28 2 1
github.com/dot-inc/ocsp-responder/ocsp/signer.go:136.28,139.3 2 1
github.com/dot-inc/ocsp-responder/ocsp/signer.go:142.2,142.24 1 1
github.com/dot-inc/ocsp-responder/ocsp/signer.go:142.24,148.3 2 1
github.com/dot-inc/ocsp-responder/ocsp/signer.go:150.2,150.68 1 1
